<?xml version="1.0" encoding="UTF-8"?>
<!-- Generated by org.testng.reporters.JUnitXMLReporter -->
<testsuite hostname="Ray-PC" ignored="0" name="Test" tests="4" failures="0" timestamp="25 Oct 2018 16:38:28 GMT" time="391.184" errors="0">
  <testcase name="startingTest" time="211.048" classname="ireff.TabData_AppTest3"/>
  <testcase name="startingTest" time="12.457" classname="ireff.PackData_AppTest4"/>
  <testcase name="startingTest" time="5.203" classname="ireff.OperatorsList_AppTest1"/>
  <testcase name="startingTest" time="106.157" classname="ireff.OperatorTabs_AppTest2"/>
</testsuite> <!-- Test -->
