<?xml version="1.0" encoding="UTF-8"?>
<testng-results skipped="0" failed="0" ignored="0" total="1" passed="1">
  <reporter-output>
  </reporter-output>
  <suite name="Default suite" duration-ms="106294" started-at="2018-10-26T13:33:41Z" finished-at="2018-10-26T13:35:27Z">
    <groups>
    </groups>
    <test name="Default test" duration-ms="106294" started-at="2018-10-26T13:33:41Z" finished-at="2018-10-26T13:35:27Z">
      <class name="ireff.OperatorsList_AppTest1">
        <test-method status="PASS" signature="init()[pri:0, instance:ireff.OperatorsList_AppTest1@5442a311]" name="init" is-config="true" duration-ms="57175" started-at="2018-10-26T13:33:41Z" finished-at="2018-10-26T13:34:38Z">
          <reporter-output>
          </reporter-output>
        </test-method> <!-- init -->
        <test-method status="PASS" signature="startingTest()[pri:0, instance:ireff.OperatorsList_AppTest1@5442a311]" name="startingTest" duration-ms="33073" started-at="2018-10-26T13:34:38Z" finished-at="2018-10-26T13:35:11Z">
          <reporter-output>
          </reporter-output>
        </test-method> <!-- startingTest -->
        <test-method status="PASS" signature="terminate()[pri:0, instance:ireff.OperatorsList_AppTest1@5442a311]" name="terminate" is-config="true" duration-ms="16017" started-at="2018-10-26T13:35:11Z" finished-at="2018-10-26T13:35:27Z">
          <reporter-output>
          </reporter-output>
        </test-method> <!-- terminate -->
      </class> <!-- ireff.OperatorsList_AppTest1 -->
    </test> <!-- Default test -->
  </suite> <!-- Default suite -->
</testng-results>
